#
# There is insufficient memory for the Java Runtime Environment to continue.
# Native memory allocation (mmap) failed to map 100663296 bytes for G1 virtual space
# Possible reasons:
#   The system is out of physical RAM or swap space
#   The process is running with CompressedOops enabled, and the Java Heap may be blocking the growth of the native heap
# Possible solutions:
#   Reduce memory load on the system
#   Increase physical memory or swap space
#   Check if swap backing store is full
#   Decrease Java heap size (-Xmx/-Xms)
#   Decrease number of Java threads
#   Decrease Java thread stack sizes (-Xss)
#   Set larger code cache with -XX:ReservedCodeCacheSize=
#   JVM is running with Zero Based Compressed Oops mode in which the Java heap is
#     placed in the first 32GB address space. The Java Heap base address is the
#     maximum limit for the native heap growth. Please use -XX:HeapBaseMinAddress
#     to set the Java Heap base and to place the Java Heap above 32GB virtual address.
# This output file may be truncated or incomplete.
#
#  Out of Memory Error (./open/src/hotspot/os/windows/os_windows.cpp:3321), pid=19420, tid=2988
#
# JRE version: Java(TM) SE Runtime Environment (15.0.2+7) (build 15.0.2+7-27)
# Java VM: Java HotSpot(TM) 64-Bit Server VM (15.0.2+7-27, mixed mode, sharing, tiered, compressed oops, g1 gc, windows-amd64)
# No core dump will be written. Minidumps are not enabled by default on client versions of Windows
#

---------------  S U M M A R Y ------------

Command Line: -XX:TieredStopAtLevel=1 -Xverify:none -Dspring.output.ansi.enabled=always -Dcom.sun.management.jmxremote -Dspring.jmx.enabled=true -Dspring.liveBeansView.mbeanDomain -Dspring.application.admin.enabled=true -javaagent:C:\Program Files\JetBrains\IntelliJ IDEA 2021.3.3\lib\idea_rt.jar=58666:C:\Program Files\JetBrains\IntelliJ IDEA 2021.3.3\bin -Dfile.encoding=UTF-8 com.example.authorization.AuthorizationApplication

Host: AMD Ryzen 7 4800H with Radeon Graphics         , 16 cores, 15G,  Windows 10 , 64 bit Build 19041 (10.0.19041.1682)
Time: Wed May  4 17:35:54 2022 ora legale Europa occidentale elapsed time: 2.056228 seconds (0d 0h 0m 2s)

---------------  T H R E A D  ---------------

Current thread (0x000001ebff92d080):  VMThread "VM Thread" [stack: 0x000000b6b2900000,0x000000b6b2a00000] [id=2988]

Stack: [0x000000b6b2900000,0x000000b6b2a00000]
[error occurred during error reporting (printing stack bounds), id 0xc0000005, EXCEPTION_ACCESS_VIOLATION (0xc0000005) at pc=0x000001eb800010ad]

Native frames: (J=compiled Java code, j=interpreted, Vv=VM code, C=native code)
V  [jvm.dll+0x62ae9a]
V  [jvm.dll+0x7817a9]
V  [jvm.dll+0x782f03]
V  [jvm.dll+0x7834c5]
V  [jvm.dll+0x78347b]
V  [jvm.dll+0x62a2b9]
V  [jvm.dll+0x62aa88]
C  [ntdll.dll+0xa209f]
C  [ntdll.dll+0x51454]
C  [ntdll.dll+0xa0bce]
C  0x000001eb800010ad

VM_Operation (0x000000b6b3bfd260): G1CollectForAllocation, mode: safepoint, requested by thread 0x000001eb91dda390


---------------  P R O C E S S  ---------------

Threads class SMR info:
_java_thread_list=0x000001eb92a88ee0, length=16, elements={
0x000001ebecbec9b0, 0x000001ebff92f600, 0x000001ebff92ffe0, 0x000001ebff94c3c0,
0x000001ebff94cc80, 0x000001ebff950960, 0x000001ebff9512d0, 0x000001ebff951bd0,
0x000001ebffa43e70, 0x000001eb9182a540, 0x000001ebffd19ad0, 0x000001eb919e1010,
0x000001eb91da87d0, 0x000001eb91dda390, 0x000001eb927b3970, 0x000001eb927c6b20
}

Java Threads: ( => current thread )
  0x000001ebecbec9b0 JavaThread "main" [_thread_blocked, id=22788, stack(0x000000b6b2300000,0x000000b6b2400000)]
  0x000001ebff92f600 JavaThread "Reference Handler" daemon [_thread_blocked, id=18440, stack(0x000000b6b2a00000,0x000000b6b2b00000)]
  0x000001ebff92ffe0 JavaThread "Finalizer" daemon [_thread_blocked, id=11588, stack(0x000000b6b2b00000,0x000000b6b2c00000)]
  0x000001ebff94c3c0 JavaThread "Signal Dispatcher" daemon [_thread_blocked, id=5976, stack(0x000000b6b2c00000,0x000000b6b2d00000)]
  0x000001ebff94cc80 JavaThread "Attach Listener" daemon [_thread_blocked, id=14520, stack(0x000000b6b2d00000,0x000000b6b2e00000)]
  0x000001ebff950960 JavaThread "Service Thread" daemon [_thread_blocked, id=16008, stack(0x000000b6b2e00000,0x000000b6b2f00000)]
  0x000001ebff9512d0 JavaThread "C1 CompilerThread0" daemon [_thread_blocked, id=19692, stack(0x000000b6b2f00000,0x000000b6b3000000)]
  0x000001ebff951bd0 JavaThread "Sweeper thread" daemon [_thread_blocked, id=13308, stack(0x000000b6b3000000,0x000000b6b3100000)]
  0x000001ebffa43e70 JavaThread "Common-Cleaner" daemon [_thread_blocked, id=22896, stack(0x000000b6b3100000,0x000000b6b3200000)]
  0x000001eb9182a540 JavaThread "Monitor Ctrl-Break" daemon [_thread_in_native, id=6068, stack(0x000000b6b3200000,0x000000b6b3300000)]
  0x000001ebffd19ad0 JavaThread "Notification Thread" daemon [_thread_blocked, id=21008, stack(0x000000b6b3300000,0x000000b6b3400000)]
  0x000001eb919e1010 JavaThread "RMI TCP Accept-0" daemon [_thread_in_native, id=22512, stack(0x000000b6b3400000,0x000000b6b3500000)]
  0x000001eb91da87d0 JavaThread "Thread-0" [_thread_blocked, id=10920, stack(0x000000b6b3a00000,0x000000b6b3b00000)]
  0x000001eb91dda390 JavaThread "restartedMain" [_thread_blocked, id=17916, stack(0x000000b6b3b00000,0x000000b6b3c00000)]
  0x000001eb927b3970 JavaThread "RMI TCP Connection(2)-172.31.0.1" daemon [_thread_in_native, id=19712, stack(0x000000b6b3c00000,0x000000b6b3d00000)]
  0x000001eb927c6b20 JavaThread "RMI Scheduler(0)" daemon [_thread_blocked, id=1452, stack(0x000000b6b4100000,0x000000b6b4200000)]

Other Threads:
=>0x000001ebff92d080 VMThread "VM Thread" [stack: 0x000000b6b2900000,0x000000b6b2a00000] [id=2988]
  0x000001eb919af230 WatcherThread [stack: 0x000000b6b3500000,0x000000b6b3600000] [id=10100]
  0x000001ebecc3eee0 GCTaskThread "GC Thread#0" [stack: 0x000000b6b2400000,0x000000b6b2500000] [id=20772]
  0x000001eb91a19700 GCTaskThread "GC Thread#1" [stack: 0x000000b6b3600000,0x000000b6b3700000] [id=17520]
  0x000001eb91a1b3b0 GCTaskThread "GC Thread#2" [stack: 0x000000b6b3700000,0x000000b6b3800000] [id=6788]
  0x000001eb91a1c3a0 GCTaskThread "GC Thread#3" [stack: 0x000000b6b3800000,0x000000b6b3900000] [id=18392]
  0x000001eb91a1b080 GCTaskThread "GC Thread#4" [stack: 0x000000b6b3900000,0x000000b6b3a00000] [id=19116]
  0x000001eb91a1a6f0 GCTaskThread "GC Thread#5" [stack: 0x000000b6b3d00000,0x000000b6b3e00000] [id=11724]
  0x000001eb91a19d60 GCTaskThread "GC Thread#6" [stack: 0x000000b6b3e00000,0x000000b6b3f00000] [id=1780]
  0x000001eb91a1a090 GCTaskThread "GC Thread#7" [stack: 0x000000b6b3f00000,0x000000b6b4000000] [id=2112]
  0x000001ebecc526b0 ConcurrentGCThread "G1 Main Marker" [stack: 0x000000b6b2500000,0x000000b6b2600000] [id=17716]
  0x000001ebecc531b0 ConcurrentGCThread "G1 Conc#0" [stack: 0x000000b6b2600000,0x000000b6b2700000] [id=18856]
  0x000001eb91a1b6e0 ConcurrentGCThread "G1 Conc#1" [stack: 0x000000b6b4000000,0x000000b6b4100000] [id=21452]
  0x000001eb91a1ba10 ConcurrentGCThread "G1 Conc#2" [stack: 0x000000b6b4200000,0x000000b6b4300000] [id=18528]
  0x000001ebeccbea90 ConcurrentGCThread "G1 Refine#0" [stack: 0x000000b6b2700000,0x000000b6b2800000] [id=11616]
  0x000001ebff7a2780 ConcurrentGCThread "G1 Young RemSet Sampling" [stack: 0x000000b6b2800000,0x000000b6b2900000] [id=4116]

Threads with active compile tasks:

VM state: at safepoint (normal execution)

VM Mutex/Monitor currently owned by a thread:  ([mutex/lock_event])
[0x000001ebecbe9d90] Threads_lock - owner thread: 0x000001ebff92d080
[0x000001ebecbe97f0] Heap_lock - owner thread: 0x000001eb91dda390

Heap address: 0x0000000709400000, size: 3948 MB, Compressed Oops mode: Zero based, Oop shift amount: 3
CDS archive(s) mapped at: [0x0000000800000000-0x0000000800b50000-0x0000000800b50000), size 11862016, SharedBaseAddress: 0x0000000800000000, ArchiveRelocationMode: 0.
Compressed class space mapped at: 0x0000000800b50000-0x0000000840b50000, size: 1073741824
Narrow klass base: 0x0000000800000000, Narrow klass shift: 3, Narrow klass range: 0x100000000

GC Precious Log:
 CPUs: 16 total, 16 available
 Memory: 15789M
 Large Page Support: Disabled
 NUMA Support: Disabled
 Compressed Oops: Enabled (Zero based)
 Heap Region Size: 2M
 Heap Min Capacity: 8M
 Heap Initial Capacity: 248M
 Heap Max Capacity: 3948M
 Pre-touch: Disabled
 Parallel Workers: 13
 Concurrent Workers: 3
 Concurrent Refinement Workers: 13
 Periodic GC: Disabled

Heap:
 garbage-first heap   total 153600K, used 15088K [0x0000000709400000, 0x0000000800000000)
  region size 2048K, 1 young (2048K), 1 survivors (2048K)
 Metaspace       used 24262K, capacity 24721K, committed 24960K, reserved 1071104K
  class space    used 3226K, capacity 3370K, committed 3456K, reserved 1048576K

Heap Regions: E=young(eden), S=young(survivor), O=old, HS=humongous(starts), HC=humongous(continues), CS=collection set, F=free, OA=open archive, CA=closed archive, TAMS=top-at-mark-start (previous, next)
|   0|0x0000000709400000, 0x0000000709600000, 0x0000000709600000|100%| O|  |TAMS 0x0000000709600000, 0x0000000709400000| Untracked 
|   1|0x0000000709600000, 0x0000000709800000, 0x0000000709800000|100%| O|  |TAMS 0x0000000709800000, 0x0000000709600000| Untracked 
|   2|0x0000000709800000, 0x0000000709a00000, 0x0000000709a00000|100%| O|  |TAMS 0x0000000709a00000, 0x0000000709800000| Untracked 
|   3|0x0000000709a00000, 0x0000000709aaea00, 0x0000000709c00000| 34%| O|  |TAMS 0x0000000709aaea00, 0x0000000709a00000| Untracked 
|   4|0x0000000709c00000, 0x0000000709e00000, 0x0000000709e00000|100%| O|  |TAMS 0x0000000709c00000, 0x0000000709c00000| Untracked 
|   5|0x0000000709e00000, 0x000000070a000000, 0x000000070a000000|100%| O|  |TAMS 0x0000000709e00000, 0x0000000709e00000| Untracked 
|   6|0x000000070a000000, 0x000000070a200000, 0x000000070a200000|100%| O|  |TAMS 0x000000070a000000, 0x000000070a000000| Untracked 
|   7|0x000000070a200000, 0x000000070a400000, 0x000000070a400000|100%| O|  |TAMS 0x000000070a200000, 0x000000070a200000| Untracked 
|   8|0x000000070a400000, 0x000000070a400000, 0x000000070a600000|  0%| F|  |TAMS 0x000000070a400000, 0x000000070a400000| Untracked 
|   9|0x000000070a600000, 0x000000070a600000, 0x000000070a800000|  0%| F|  |TAMS 0x000000070a600000, 0x000000070a600000| Untracked 
|  10|0x000000070a800000, 0x000000070a800000, 0x000000070aa00000|  0%| F|  |TAMS 0x000000070a800000, 0x000000070a800000| Untracked 
|  11|0x000000070aa00000, 0x000000070aa00000, 0x000000070ac00000|  0%| F|  |TAMS 0x000000070aa00000, 0x000000070aa00000| Untracked 
|  12|0x000000070ac00000, 0x000000070ac00000, 0x000000070ae00000|  0%| F|  |TAMS 0x000000070ac00000, 0x000000070ac00000| Untracked 
|  13|0x000000070ae00000, 0x000000070ae00000, 0x000000070b000000|  0%| F|  |TAMS 0x000000070ae00000, 0x000000070ae00000| Untracked 
|  14|0x000000070b000000, 0x000000070b000000, 0x000000070b200000|  0%| F|  |TAMS 0x000000070b000000, 0x000000070b000000| Untracked 
|  15|0x000000070b200000, 0x000000070b200000, 0x000000070b400000|  0%| F|  |TAMS 0x000000070b200000, 0x000000070b200000| Untracked 
|  16|0x000000070b400000, 0x000000070b40d760, 0x000000070b600000|  2%| S|CS|TAMS 0x000000070b400000, 0x000000070b400000| Complete 
|  17|0x000000070b600000, 0x000000070b600000, 0x000000070b800000|  0%| F|  |TAMS 0x000000070b600000, 0x000000070b600000| Untracked 
|  18|0x000000070b800000, 0x000000070b800000, 0x000000070ba00000|  0%| F|  |TAMS 0x000000070b800000, 0x000000070b800000| Untracked 
|  19|0x000000070ba00000, 0x000000070ba00000, 0x000000070bc00000|  0%| F|  |TAMS 0x000000070ba00000, 0x000000070ba00000| Untracked 
|  20|0x000000070bc00000, 0x000000070bc00000, 0x000000070be00000|  0%| F|  |TAMS 0x000000070bc00000, 0x000000070bc00000| Untracked 
|  21|0x000000070be00000, 0x000000070be00000, 0x000000070c000000|  0%| F|  |TAMS 0x000000070be00000, 0x000000070be00000| Untracked 
|  22|0x000000070c000000, 0x000000070c000000, 0x000000070c200000|  0%| F|  |TAMS 0x000000070c000000, 0x000000070c000000| Untracked 
|  71|0x0000000712200000, 0x0000000712200000, 0x0000000712400000|  0%| F|  |TAMS 0x0000000712200000, 0x0000000712200000| Untracked 
|  72|0x0000000712400000, 0x0000000712400000, 0x0000000712600000|  0%| F|  |TAMS 0x0000000712400000, 0x0000000712400000| Untracked 
|  73|0x0000000712600000, 0x0000000712600000, 0x0000000712800000|  0%| F|  |TAMS 0x0000000712600000, 0x0000000712600000| Untracked 
| 123|0x0000000718a00000, 0x0000000718a00000, 0x0000000718c00000|  0%| F|  |TAMS 0x0000000718a00000, 0x0000000718a00000| Untracked 

Card table byte_map: [0x000001ebf5e60000,0x000001ebf6620000] _byte_map_base: 0x000001ebf2616000

Marking Bits (Prev, Next): (CMBitMap*) 0x000001ebecc416c0, (CMBitMap*) 0x000001ebecc41680
 Prev Bits: [0x000001ebfab90000, 0x000001ebfe940000)
 Next Bits: [0x000001ebf6de0000, 0x000001ebfab90000)

Polling page: 0x000001ebeaa00000

Metaspace:

Usage:
  Non-class:     20.85 MB capacity,    20.54 MB ( 99%) used,   270.27 KB (  1%) free+waste,    44.06 KB ( <1%) overhead. 
      Class:      3.29 MB capacity,     3.15 MB ( 96%) used,   124.59 KB (  4%) free+waste,    19.19 KB ( <1%) overhead. 
       Both:     24.14 MB capacity,    23.69 MB ( 98%) used,   394.86 KB (  2%) free+waste,    63.25 KB ( <1%) overhead. 

Virtual space:
  Non-class space:       22.00 MB reserved,      21.00 MB ( 95%) committed 
      Class space:        1.00 GB reserved,       3.38 MB ( <1%) committed 
             Both:        1.02 GB reserved,      24.38 MB (  2%) committed 

Chunk freelists:
   Non-Class:  25.00 KB
       Class:  22.00 KB
        Both:  47.00 KB

MaxMetaspaceSize: 17179869184.00 GB
CompressedClassSpaceSize: 1.00 GB

CodeHeap 'non-profiled nmethods': size=233856Kb used=5510Kb max_used=5510Kb free=228345Kb
 bounds [0x000001eb80ba0000, 0x000001eb81110000, 0x000001eb8f000000]
CodeHeap 'non-nmethods': size=11904Kb used=1216Kb max_used=1216Kb free=10688Kb
 bounds [0x000001eb80000000, 0x000001eb80270000, 0x000001eb80ba0000]
 total_blobs=4013 nmethods=3523 adapters=416
 compilation: enabled
              stopped_count=0, restarted_count=0
 full_count=0

Compilation events (20 events):
Event: 2.033 Thread 0x000001ebff9512d0 3519       1       java.security.Provider::putPropertyStrings (214 bytes)
Event: 2.034 Thread 0x000001ebff9512d0 nmethod 3519 0x000001eb810fb690 code [0x000001eb810fba20, 0x000001eb810fc958]
Event: 2.034 Thread 0x000001ebff9512d0 3516   !   1       java.security.Provider::putService (256 bytes)
Event: 2.035 Thread 0x000001ebff9512d0 nmethod 3516 0x000001eb810fd190 code [0x000001eb810fd480, 0x000001eb810fdf68]
Event: 2.035 Thread 0x000001ebff9512d0 3514       1       java.security.Provider$Service::<init> (184 bytes)
Event: 2.035 Thread 0x000001ebff9512d0 nmethod 3514 0x000001eb810fe510 code [0x000001eb810fe7a0, 0x000001eb810ff218]
Event: 2.035 Thread 0x000001ebff9512d0 3515       1       java.security.Provider::getEngineName (49 bytes)
Event: 2.035 Thread 0x000001ebff9512d0 nmethod 3515 0x000001eb810ff590 code [0x000001eb810ff760, 0x000001eb810ff9f8]
Event: 2.035 Thread 0x000001ebff9512d0 3518   !   1       java.security.Provider::implRemoveService (180 bytes)
Event: 2.035 Thread 0x000001ebff9512d0 nmethod 3518 0x000001eb810ffb90 code [0x000001eb810ffde0, 0x000001eb811003b8]
Event: 2.035 Thread 0x000001ebff9512d0 3520       1       java.util.Collections$3::hasMoreElements (10 bytes)
Event: 2.035 Thread 0x000001ebff9512d0 nmethod 3520 0x000001eb81100790 code [0x000001eb81100920, 0x000001eb81100a08]
Event: 2.035 Thread 0x000001ebff9512d0 3521       1       java.util.Collections$3::nextElement (10 bytes)
Event: 2.036 Thread 0x000001ebff9512d0 nmethod 3521 0x000001eb81100a90 code [0x000001eb81100c20, 0x000001eb81100d08]
Event: 2.036 Thread 0x000001ebff9512d0 3517       1       java.security.Provider::check (18 bytes)
Event: 2.036 Thread 0x000001ebff9512d0 nmethod 3517 0x000001eb81100d90 code [0x000001eb81100f40, 0x000001eb811010f8]
Event: 2.039 Thread 0x000001ebff9512d0 3522       1       java.util.WeakHashMap::isEmpty (13 bytes)
Event: 2.039 Thread 0x000001ebff9512d0 nmethod 3522 0x000001eb81101210 code [0x000001eb811013a0, 0x000001eb811014a8]
Event: 2.039 Thread 0x000001ebff9512d0 3523   !   1       java.util.zip.ZipFile::getManifestName (61 bytes)
Event: 2.040 Thread 0x000001ebff9512d0 nmethod 3523 0x000001eb81101590 code [0x000001eb81101740, 0x000001eb81101998]

GC Heap History (11 events):
Event: 0.509 GC heap before
{Heap before GC invocations=0 (full 0):
 garbage-first heap   total 253952K, used 22528K [0x0000000709400000, 0x0000000800000000)
  region size 2048K, 11 young (22528K), 0 survivors (0K)
 Metaspace       used 6843K, capacity 7045K, committed 7296K, reserved 1056768K
  class space    used 814K, capacity 870K, committed 896K, reserved 1048576K
}
Event: 0.515 GC heap after
{Heap after GC invocations=1 (full 0):
 garbage-first heap   total 253952K, used 6657K [0x0000000709400000, 0x0000000800000000)
  region size 2048K, 2 young (4096K), 2 survivors (4096K)
 Metaspace       used 6843K, capacity 7045K, committed 7296K, reserved 1056768K
  class space    used 814K, capacity 870K, committed 896K, reserved 1048576K
}
Event: 0.523 GC heap before
{Heap before GC invocations=1 (full 0):
 garbage-first heap   total 253952K, used 27137K [0x0000000709400000, 0x0000000800000000)
  region size 2048K, 13 young (26624K), 2 survivors (4096K)
 Metaspace       used 6844K, capacity 7045K, committed 7296K, reserved 1056768K
  class space    used 814K, capacity 870K, committed 896K, reserved 1048576K
}
Event: 0.527 GC heap after
{Heap after GC invocations=2 (full 0):
 garbage-first heap   total 253952K, used 7134K [0x0000000709400000, 0x0000000800000000)
  region size 2048K, 1 young (2048K), 1 survivors (2048K)
 Metaspace       used 6844K, capacity 7045K, committed 7296K, reserved 1056768K
  class space    used 814K, capacity 870K, committed 896K, reserved 1048576K
}
Event: 0.944 GC heap before
{Heap before GC invocations=2 (full 0):
 garbage-first heap   total 253952K, used 56286K [0x0000000709400000, 0x0000000800000000)
  region size 2048K, 26 young (53248K), 1 survivors (2048K)
 Metaspace       used 13633K, capacity 13949K, committed 14208K, reserved 1060864K
  class space    used 1734K, capacity 1822K, committed 1920K, reserved 1048576K
}
Event: 0.947 GC heap after
{Heap after GC invocations=3 (full 0):
 garbage-first heap   total 253952K, used 8763K [0x0000000709400000, 0x0000000800000000)
  region size 2048K, 1 young (2048K), 1 survivors (2048K)
 Metaspace       used 13633K, capacity 13949K, committed 14208K, reserved 1060864K
  class space    used 1734K, capacity 1822K, committed 1920K, reserved 1048576K
}
Event: 1.665 GC heap before
{Heap before GC invocations=3 (full 0):
 garbage-first heap   total 253952K, used 105019K [0x0000000709400000, 0x0000000800000000)
  region size 2048K, 50 young (102400K), 1 survivors (2048K)
 Metaspace       used 20537K, capacity 20984K, committed 21248K, reserved 1067008K
  class space    used 2684K, capacity 2793K, committed 2816K, reserved 1048576K
}
Event: 1.670 GC heap after
{Heap after GC invocations=4 (full 0):
 garbage-first heap   total 253952K, used 12243K [0x0000000709400000, 0x0000000800000000)
  region size 2048K, 3 young (6144K), 3 survivors (6144K)
 Metaspace       used 20537K, capacity 20984K, committed 21248K, reserved 1067008K
  class space    used 2684K, capacity 2793K, committed 2816K, reserved 1048576K
}
Event: 2.041 GC heap before
{Heap before GC invocations=5 (full 0):
 garbage-first heap   total 55296K, used 38867K [0x0000000709400000, 0x0000000800000000)
  region size 2048K, 16 young (32768K), 3 survivors (6144K)
 Metaspace       used 24262K, capacity 24721K, committed 24960K, reserved 1071104K
  class space    used 3226K, capacity 3370K, committed 3456K, reserved 1048576K
}
Event: 2.046 GC heap after
{Heap after GC invocations=6 (full 0):
 garbage-first heap   total 55296K, used 15258K [0x0000000709400000, 0x0000000800000000)
  region size 2048K, 2 young (4096K), 2 survivors (4096K)
 Metaspace       used 24262K, capacity 24721K, committed 24960K, reserved 1071104K
  class space    used 3226K, capacity 3370K, committed 3456K, reserved 1048576K
}
Event: 2.052 GC heap before
{Heap before GC invocations=6 (full 0):
 garbage-first heap   total 55296K, used 33690K [0x0000000709400000, 0x0000000800000000)
  region size 2048K, 12 young (24576K), 2 survivors (4096K)
 Metaspace       used 24262K, capacity 24721K, committed 24960K, reserved 1071104K
  class space    used 3226K, capacity 3370K, committed 3456K, reserved 1048576K
}

Deoptimization events (0 events):
No events

Classes unloaded (0 events):
No events

Classes redefined (0 events):
No events

Internal exceptions (20 events):
Event: 1.746 Thread 0x000001eb91dda390 Exception <a 'java/lang/ClassNotFoundException'{0x000000070beb0b18}: org/springframework/beans/factory/BeanFactoryAwareCustomizer> (0x000000070beb0b18) 
thrown [./open/src/hotspot/share/classfile/systemDictionary.cpp, line 295]
Event: 1.746 Thread 0x000001eb91dda390 Exception <a 'java/lang/ClassNotFoundException'{0x000000070beb7c98}: org/springframework/beans/factory/AwareCustomizer> (0x000000070beb7c98) 
thrown [./open/src/hotspot/share/classfile/systemDictionary.cpp, line 295]
Event: 1.746 Thread 0x000001eb91dda390 Exception <a 'java/lang/ClassNotFoundException'{0x000000070bebd168}: org/springframework/core/OrderedCustomizer> (0x000000070bebd168) 
thrown [./open/src/hotspot/share/classfile/systemDictionary.cpp, line 295]
Event: 1.747 Thread 0x000001eb91dda390 Exception <a 'java/lang/ClassNotFoundException'{0x000000070bec3918}: org/springframework/beans/factory/BeanClassLoaderAwareCustomizer> (0x000000070bec3918) 
thrown [./open/src/hotspot/share/classfile/systemDictionary.cpp, line 295]
Event: 1.747 Thread 0x000001eb91dda390 Exception <a 'java/lang/ClassNotFoundException'{0x000000070becb4e8}: org/springframework/beans/factory/AwareCustomizer> (0x000000070becb4e8) 
thrown [./open/src/hotspot/share/classfile/systemDictionary.cpp, line 295]
Event: 1.748 Thread 0x000001eb91dda390 Exception <a 'java/lang/ClassNotFoundException'{0x000000070bed1178}: org/springframework/aop/framework/AopInfrastructureBeanCustomizer> (0x000000070bed1178) 
thrown [./open/src/hotspot/share/classfile/systemDictionary.cpp, line 295]
Event: 1.779 Thread 0x000001eb91dda390 Exception <a 'java/lang/ClassNotFoundException'{0x000000070bfb82f8}: java/lang/ObjectCustomizer> (0x000000070bfb82f8) 
thrown [./open/src/hotspot/share/classfile/systemDictionary.cpp, line 295]
Event: 1.780 Thread 0x000001eb91dda390 Exception <a 'java/lang/ClassNotFoundException'{0x000000070bfc29e8}: org/springframework/transaction/annotation/AbstractTransactionManagementConfigurationCustomizer> (0x000000070bfc29e8) 
thrown [./open/src/hotspot/share/classfile/systemDictionary.cpp, line 295]
Event: 1.781 Thread 0x000001eb91dda390 Exception <a 'java/lang/ClassNotFoundException'{0x000000070bfcbad0}: org/springframework/transaction/annotation/ProxyTransactionManagementConfigurationCustomizer> (0x000000070bfcbad0) 
thrown [./open/src/hotspot/share/classfile/systemDictionary.cpp, line 295]
Event: 1.782 Thread 0x000001eb91dda390 Exception <a 'java/lang/ClassNotFoundException'{0x000000070bfd5d90}: org/springframework/context/annotation/ImportAwareCustomizer> (0x000000070bfd5d90) 
thrown [./open/src/hotspot/share/classfile/systemDictionary.cpp, line 295]
Event: 1.783 Thread 0x000001eb91dda390 Exception <a 'java/lang/ClassNotFoundException'{0x000000070bfdcfa8}: org/springframework/beans/factory/AwareCustomizer> (0x000000070bfdcfa8) 
thrown [./open/src/hotspot/share/classfile/systemDictionary.cpp, line 295]
Event: 1.815 Thread 0x000001eb91dda390 Exception <a 'java/lang/NoSuchMethodError'{0x000000070bd7cce8}: 'java.lang.Object java.lang.invoke.DirectMethodHandle$Holder.invokeSpecialIFC(java.lang.Object, java.lang.Object, java.lang.Object)'> (0x000000070bd7cce8) 
thrown [./open/src/hotspot/share/interpreter/linkResolver.cpp, line 782]
Event: 1.842 Thread 0x000001eb91dda390 Exception <a 'java/lang/NoSuchMethodError'{0x000000070baccff0}: 'int java.lang.invoke.DirectMethodHandle$Holder.invokeSpecial(java.lang.Object, java.lang.Object, java.lang.Object, java.lang.Object, java.lang.Object)'> (0x000000070baccff0) 
thrown [./open/src/hotspot/share/interpreter/linkResolver.cpp, line 782]
Event: 1.881 Thread 0x000001eb91dda390 Exception <a 'java/lang/NoSuchMethodError'{0x000000070b8bda58}: 'java.lang.Object java.lang.invoke.DirectMethodHandle$Holder.invokeStatic(java.lang.Object, java.lang.Object, int)'> (0x000000070b8bda58) 
thrown [./open/src/hotspot/share/interpreter/linkResolver.cpp, line 782]
Event: 1.882 Thread 0x000001eb91dda390 Exception <a 'java/lang/NoSuchMethodError'{0x000000070b8c9b78}: 'void java.lang.invoke.DelegatingMethodHandle$Holder.delegate(java.lang.Object, java.lang.Object, int, java.lang.Object)'> (0x000000070b8c9b78) 
thrown [./open/src/hotspot/share/interpreter/linkResolver.cpp, line 782]
Event: 1.906 Thread 0x000001eb91dda390 Exception <a 'java/lang/NoSuchMethodError'{0x000000070b784be8}: 'void java.lang.invoke.DirectMethodHandle$Holder.invokeInterface(java.lang.Object, java.lang.Object, int)'> (0x000000070b784be8) 
thrown [./open/src/hotspot/share/interpreter/linkResolver.cpp, line 782]
Event: 1.907 Thread 0x000001eb91dda390 Exception <a 'java/lang/NoSuchMethodError'{0x000000070b7a0758}: 'int java.lang.invoke.DirectMethodHandle$Holder.invokeVirtual(java.lang.Object, java.lang.Object)'> (0x000000070b7a0758) 
thrown [./open/src/hotspot/share/interpreter/linkResolver.cpp, line 782]
Event: 1.909 Thread 0x000001eb91dda390 Exception <a 'java/lang/IncompatibleClassChangeError'{0x000000070b7ddf38}: Found class java.lang.Object, but interface was expected> (0x000000070b7ddf38) 
thrown [./open/src/hotspot/share/interpreter/linkResolver.cpp, line 848]
Event: 1.909 Thread 0x000001eb91dda390 Exception <a 'java/lang/NoSuchMethodError'{0x000000070b7e3620}: 'void java.lang.invoke.DirectMethodHandle$Holder.invokeStatic(java.lang.Object, int, java.lang.Object)'> (0x000000070b7e3620) 
thrown [./open/src/hotspot/share/interpreter/linkResolver.cpp, line 782]
Event: 1.911 Thread 0x000001eb91dda390 Exception <a 'java/lang/NoSuchMethodError'{0x000000070b41acf8}: 'int java.lang.invoke.DirectMethodHandle$Holder.invokeSpecial(java.lang.Object, java.lang.Object, int)'> (0x000000070b41acf8) 
thrown [./open/src/hotspot/share/interpreter/linkResolver.cpp, line 782]

Events (20 events):
Event: 2.032 loading class com/sun/crypto/provider/SunJCE done
Event: 2.034 loading class com/sun/security/sasl/Provider
Event: 2.034 loading class com/sun/security/sasl/Provider done
Event: 2.034 loading class com/sun/security/sasl/Provider$1
Event: 2.034 loading class com/sun/security/sasl/Provider$1 done
Event: 2.034 loading class com/sun/security/sasl/Provider$ProviderService
Event: 2.034 loading class com/sun/security/sasl/Provider$ProviderService done
Event: 2.034 loading class sun/security/provider/certpath/ldap/JdkLDAP
Event: 2.035 loading class sun/security/provider/certpath/ldap/JdkLDAP done
Event: 2.035 loading class sun/security/provider/certpath/ldap/JdkLDAP$1
Event: 2.035 loading class sun/security/provider/certpath/ldap/JdkLDAP$1 done
Event: 2.035 loading class sun/security/provider/certpath/ldap/JdkLDAP$ProviderService
Event: 2.035 loading class sun/security/provider/certpath/ldap/JdkLDAP$ProviderService done
Event: 2.036 loading class java/util/concurrent/ConcurrentLinkedQueue
Event: 2.036 loading class java/util/concurrent/ConcurrentLinkedQueue done
Event: 2.036 loading class java/util/concurrent/ConcurrentLinkedQueue$Node
Event: 2.037 loading class java/util/concurrent/ConcurrentLinkedQueue$Node done
Event: 2.041 Executing VM operation: G1CollectForAllocation
Event: 2.046 Executing VM operation: G1CollectForAllocation done
Event: 2.052 Executing VM operation: G1CollectForAllocation


Dynamic libraries:
0x00007ff7a73f0000 - 0x00007ff7a73ff000 	C:\Program Files\Java\jdk-15.0.2\bin\java.exe
0x00007ffef5410000 - 0x00007ffef5605000 	C:\WINDOWS\SYSTEM32\ntdll.dll
0x00007ffef5050000 - 0x00007ffef510d000 	C:\WINDOWS\System32\KERNEL32.DLL
0x00007ffef2d20000 - 0x00007ffef2fed000 	C:\WINDOWS\System32\KERNELBASE.dll
0x00007ffef3330000 - 0x00007ffef3430000 	C:\WINDOWS\System32\ucrtbase.dll
0x00007ffedcfc0000 - 0x00007ffedcfd8000 	C:\Program Files\Java\jdk-15.0.2\bin\jli.dll
0x00007ffed3b10000 - 0x00007ffed3b29000 	C:\Program Files\Java\jdk-15.0.2\bin\VCRUNTIME140.dll
0x00007ffef3500000 - 0x00007ffef35ae000 	C:\WINDOWS\System32\ADVAPI32.dll
0x00007ffef3430000 - 0x00007ffef34ce000 	C:\WINDOWS\System32\msvcrt.dll
0x00007ffef3610000 - 0x00007ffef36ac000 	C:\WINDOWS\System32\sechost.dll
0x00007ffef4b30000 - 0x00007ffef4c55000 	C:\WINDOWS\System32\RPCRT4.dll
0x00007ffef4510000 - 0x00007ffef46b0000 	C:\WINDOWS\System32\USER32.dll
0x00007ffef2cf0000 - 0x00007ffef2d12000 	C:\WINDOWS\System32\win32u.dll
0x00007ffee7d90000 - 0x00007ffee802a000 	C:\WINDOWS\WinSxS\amd64_microsoft.windows.common-controls_6595b64144ccf1df_6.0.19041.1110_none_60b5254171f9507e\COMCTL32.dll
0x00007ffef34d0000 - 0x00007ffef34fa000 	C:\WINDOWS\System32\GDI32.dll
0x00007ffef3020000 - 0x00007ffef312b000 	C:\WINDOWS\System32\gdi32full.dll
0x00007ffef3290000 - 0x00007ffef332d000 	C:\WINDOWS\System32\msvcp_win.dll
0x00007ffeeb2c0000 - 0x00007ffeeb2ca000 	C:\WINDOWS\SYSTEM32\VERSION.dll
0x00007ffef44e0000 - 0x00007ffef4510000 	C:\WINDOWS\System32\IMM32.DLL
0x00007ffee54c0000 - 0x00007ffee54cc000 	C:\Program Files\Java\jdk-15.0.2\bin\vcruntime140_1.dll
0x00007ffec5a30000 - 0x00007ffec5ac1000 	C:\Program Files\Java\jdk-15.0.2\bin\msvcp140.dll
0x00007ffe95610000 - 0x00007ffe9616e000 	C:\Program Files\Java\jdk-15.0.2\bin\server\jvm.dll
0x00007ffef3a10000 - 0x00007ffef3a18000 	C:\WINDOWS\System32\PSAPI.DLL
0x00007ffee0b10000 - 0x00007ffee0b19000 	C:\WINDOWS\SYSTEM32\WSOCK32.dll
0x00007ffee9720000 - 0x00007ffee9747000 	C:\WINDOWS\SYSTEM32\WINMM.dll
0x00007ffef3aa0000 - 0x00007ffef3b0b000 	C:\WINDOWS\System32\WS2_32.dll
0x00007ffef09b0000 - 0x00007ffef09c2000 	C:\WINDOWS\SYSTEM32\kernel.appcore.dll
0x00007ffedcc40000 - 0x00007ffedcc4a000 	C:\Program Files\Java\jdk-15.0.2\bin\jimage.dll
0x00007ffee2cc0000 - 0x00007ffee2ea4000 	C:\WINDOWS\SYSTEM32\DBGHELP.DLL
0x00007ffed32d0000 - 0x00007ffed32fc000 	C:\WINDOWS\SYSTEM32\dbgcore.DLL
0x00007ffef2bf0000 - 0x00007ffef2c72000 	C:\WINDOWS\System32\bcryptPrimitives.dll
0x00007ffeee520000 - 0x00007ffeee52e000 	C:\Program Files\Java\jdk-15.0.2\bin\instrument.dll
0x00007ffed2450000 - 0x00007ffed2475000 	C:\Program Files\Java\jdk-15.0.2\bin\java.dll
0x00007ffef3b10000 - 0x00007ffef4254000 	C:\WINDOWS\System32\SHELL32.dll
0x00007ffef0bb0000 - 0x00007ffef1344000 	C:\WINDOWS\SYSTEM32\windows.storage.dll
0x00007ffef36b0000 - 0x00007ffef3a04000 	C:\WINDOWS\System32\combase.dll
0x00007ffef24e0000 - 0x00007ffef250c000 	C:\WINDOWS\SYSTEM32\Wldp.dll
0x00007ffef4ec0000 - 0x00007ffef4f6d000 	C:\WINDOWS\System32\SHCORE.dll
0x00007ffef4f70000 - 0x00007ffef4fc5000 	C:\WINDOWS\System32\shlwapi.dll
0x00007ffef2a30000 - 0x00007ffef2a4f000 	C:\WINDOWS\SYSTEM32\profapi.dll
0x00007ffed2240000 - 0x00007ffed2258000 	C:\Program Files\Java\jdk-15.0.2\bin\zip.dll
0x00007ffed31c0000 - 0x00007ffed31d9000 	C:\Program Files\Java\jdk-15.0.2\bin\net.dll
0x00007ffeeb790000 - 0x00007ffeeb89a000 	C:\WINDOWS\SYSTEM32\WINHTTP.dll
0x00007ffef2190000 - 0x00007ffef21fa000 	C:\WINDOWS\system32\mswsock.dll
0x00007ffed2e20000 - 0x00007ffed2e32000 	C:\Program Files\Java\jdk-15.0.2\bin\nio.dll
0x00007ffeee500000 - 0x00007ffeee51a000 	C:\Program Files\JetBrains\IntelliJ IDEA 2021.3.3\bin\breakgen64.dll
0x00007ffef1ed0000 - 0x00007ffef1f9b000 	C:\WINDOWS\SYSTEM32\DNSAPI.dll
0x00007ffef1e90000 - 0x00007ffef1ecb000 	C:\WINDOWS\SYSTEM32\IPHLPAPI.DLL
0x00007ffef44d0000 - 0x00007ffef44d8000 	C:\WINDOWS\System32\NSI.dll
0x00007ffee7ae0000 - 0x00007ffee7aea000 	C:\Windows\System32\rasadhlp.dll
0x00007ffee79b0000 - 0x00007ffee7a30000 	C:\WINDOWS\System32\fwpuclnt.dll
0x00007ffef2ff0000 - 0x00007ffef3017000 	C:\WINDOWS\System32\bcrypt.dll
0x00007ffeee400000 - 0x00007ffeee409000 	C:\Program Files\Java\jdk-15.0.2\bin\management.dll
0x00007ffeee3f0000 - 0x00007ffeee3fb000 	C:\Program Files\Java\jdk-15.0.2\bin\management_ext.dll
0x00007ffef23e0000 - 0x00007ffef23f8000 	C:\WINDOWS\SYSTEM32\CRYPTSP.dll
0x00007ffef1b20000 - 0x00007ffef1b54000 	C:\WINDOWS\system32\rsaenh.dll
0x00007ffef29b0000 - 0x00007ffef29de000 	C:\WINDOWS\SYSTEM32\USERENV.dll
0x00007ffef23d0000 - 0x00007ffef23dc000 	C:\WINDOWS\SYSTEM32\CRYPTBASE.dll
0x00007ffeeb460000 - 0x00007ffeeb477000 	C:\WINDOWS\SYSTEM32\dhcpcsvc6.DLL
0x00007ffeeb440000 - 0x00007ffeeb45d000 	C:\WINDOWS\SYSTEM32\dhcpcsvc.DLL
0x00007ffed4bb0000 - 0x00007ffed4bc7000 	C:\WINDOWS\system32\napinsp.dll
0x00007ffed4b90000 - 0x00007ffed4bab000 	C:\WINDOWS\system32\pnrpnsp.dll
0x00007ffed4b70000 - 0x00007ffed4b85000 	C:\WINDOWS\system32\wshbth.dll
0x00007ffeee3b0000 - 0x00007ffeee3cd000 	C:\WINDOWS\system32\NLAapi.dll
0x00007ffed4b50000 - 0x00007ffed4b62000 	C:\WINDOWS\System32\winrnr.dll
0x00007ffedcef0000 - 0x00007ffedcefd000 	C:\Program Files\Java\jdk-15.0.2\bin\sunmscapi.dll
0x00007ffef3130000 - 0x00007ffef3286000 	C:\WINDOWS\System32\CRYPT32.dll
0x00007ffef2550000 - 0x00007ffef2577000 	C:\WINDOWS\SYSTEM32\ncrypt.dll
0x00007ffef2510000 - 0x00007ffef254b000 	C:\WINDOWS\SYSTEM32\NTASN1.dll

dbghelp: loaded successfully - version: 4.0.5 - missing functions: none
symbol engine: initialized successfully - sym options: 0x614 - pdb path: .;C:\Program Files\Java\jdk-15.0.2\bin;C:\WINDOWS\SYSTEM32;C:\WINDOWS\WinSxS\amd64_microsoft.windows.common-controls_6595b64144ccf1df_6.0.19041.1110_none_60b5254171f9507e;C:\Program Files\Java\jdk-15.0.2\bin\server;C:\Program Files\JetBrains\IntelliJ IDEA 2021.3.3\bin

VM Arguments:
jvm_args: -XX:TieredStopAtLevel=1 -Xverify:none -Dspring.output.ansi.enabled=always -Dcom.sun.management.jmxremote -Dspring.jmx.enabled=true -Dspring.liveBeansView.mbeanDomain -Dspring.application.admin.enabled=true -javaagent:C:\Program Files\JetBrains\IntelliJ IDEA 2021.3.3\lib\idea_rt.jar=58666:C:\Program Files\JetBrains\IntelliJ IDEA 2021.3.3\bin -Dfile.encoding=UTF-8 
java_command: com.example.authorization.AuthorizationApplication
java_class_path (initial): C:\Users\ASUS\Desktop\prova microservizi\authorization\target\classes;C:\Users\ASUS\.m2\repository\org\springframework\boot\spring-boot-starter-data-jpa\2.6.6\spring-boot-starter-data-jpa-2.6.6.jar;C:\Users\ASUS\.m2\repository\org\springframework\boot\spring-boot-starter-aop\2.6.6\spring-boot-starter-aop-2.6.6.jar;C:\Users\ASUS\.m2\repository\org\aspectj\aspectjweaver\1.9.7\aspectjweaver-1.9.7.jar;C:\Users\ASUS\.m2\repository\org\springframework\boot\spring-boot-starter-jdbc\2.6.6\spring-boot-starter-jdbc-2.6.6.jar;C:\Users\ASUS\.m2\repository\com\zaxxer\HikariCP\4.0.3\HikariCP-4.0.3.jar;C:\Users\ASUS\.m2\repository\org\springframework\spring-jdbc\5.3.18\spring-jdbc-5.3.18.jar;C:\Users\ASUS\.m2\repository\jakarta\transaction\jakarta.transaction-api\1.3.3\jakarta.transaction-api-1.3.3.jar;C:\Users\ASUS\.m2\repository\jakarta\persistence\jakarta.persistence-api\2.2.3\jakarta.persistence-api-2.2.3.jar;C:\Users\ASUS\.m2\repository\org\hibernate\hibernate-core\5.6.7.Final\hibernate-core-5.6.7.Final.jar;C:\Users\ASUS\.m2\repository\org\jboss\logging\jboss-logging\3.4.3.Final\jboss-logging-3.4.3.Final.jar;C:\Users\ASUS\.m2\repository\net\bytebuddy\byte-buddy\1.11.22\byte-buddy-1.11.22.jar;C:\Users\ASUS\.m2\repository\antlr\antlr\2.7.7\antlr-2.7.7.jar;C:\Users\ASUS\.m2\repository\org\jboss\jandex\2.4.2.Final\jandex-2.4.2.Final.jar;C:\Users\ASUS\.m2\repository\com\fasterxml\classmate\1.5.1\classmate-1.5.1.jar;C:\Users\ASUS\.m2\repository\org\hibernate\common\hibernate-commons-annotations\5.1.2.Final\hibernate-commons-annotations-5.1.2.Final.jar;C:\Users\ASUS\.m2\repository\org\glassfish\jaxb\jaxb-runtime\2.3.6\jaxb-runtime-2.3.6.jar;C:\Users\ASUS\.m2\repository\org\glassfish\jaxb\txw2\2.3.6\txw2-2.3.6.jar;C:\Users\ASUS\.m2\repository\com\sun\istack\istack-commons-runtime\3.0.12\istack-commons-runtime-3.0.12.jar;C:\Users\ASUS\.m2\repository\com\sun\activation\jakarta.activation\1.2.2\jakarta.activation-1.2.2.jar;C:\Users\ASUS\.m2\repository\org\sp
Launcher Type: SUN_STANDARD

[Global flags]
     intx CICompilerCount                          = 12                                        {product} {ergonomic}
     uint ConcGCThreads                            = 3                                         {product} {ergonomic}
     uint G1ConcRefinementThreads                  = 13                                        {product} {ergonomic}
   size_t G1HeapRegionSize                         = 2097152                                   {product} {ergonomic}
    uintx GCDrainStackTargetSize                   = 64                                        {product} {ergonomic}
   size_t InitialHeapSize                          = 260046848                                 {product} {ergonomic}
     bool ManagementServer                         = true                                      {product} {command line}
   size_t MarkStackSize                            = 4194304                                   {product} {ergonomic}
   size_t MaxHeapSize                              = 4139778048                                {product} {ergonomic}
   size_t MaxNewSize                               = 2483027968                                {product} {ergonomic}
   size_t MinHeapDeltaBytes                        = 2097152                                   {product} {ergonomic}
   size_t MinHeapSize                              = 8388608                                   {product} {ergonomic}
    uintx NonNMethodCodeHeapSize                   = 12163472                               {pd product} {ergonomic}
    uintx NonProfiledCodeHeapSize                  = 239494768                              {pd product} {ergonomic}
    uintx ProfiledCodeHeapSize                     = 0                                      {pd product} {ergonomic}
    uintx ReservedCodeCacheSize                    = 251658240                              {pd product} {ergonomic}
     bool SegmentedCodeCache                       = true                                      {product} {ergonomic}
   size_t SoftMaxHeapSize                          = 4139778048                             {manageable} {ergonomic}
     intx TieredStopAtLevel                        = 1                                         {product} {command line}
     bool UseCompressedClassPointers               = true                                 {lp64_product} {ergonomic}
     bool UseCompressedOops                        = true                                 {lp64_product} {ergonomic}
     bool UseG1GC                                  = true                                      {product} {ergonomic}
     bool UseLargePagesIndividualAllocation        = false                                  {pd product} {ergonomic}

Logging:
Log output configuration:
 #0: stdout all=warning uptime,level,tags
 #1: stderr all=off uptime,level,tags

Environment Variables:
PATH=C:\Program Files\Common Files\Oracle\Java\javapath;C:\Program Files (x86)\Common Files\Oracle\Java\javapath;C:\Windows\system32;C:\Windows;C:\Windows\System32\Wbem;C:\Windows\System32\WindowsPowerShell\v1.0\;C:\Windows\System32\OpenSSH\;C:\Program Files (x86)\NVIDIA Corporation\PhysX\Common;C:\Program Files\NVIDIA Corporation\NVIDIA NvDLISR;C:\WINDOWS\system32;C:\WINDOWS;C:\WINDOWS\System32\Wbem;C:\WINDOWS\System32\WindowsPowerShell\v1.0\;C:\WINDOWS\System32\OpenSSH\;C:\Users\ASUS\AppData\Roaming\nvm;C:\Program Files\nodejs;C:\Maven\apache-maven-3.8.5\bin;C:\Program Files\Git\cmd;C:\Program Files\Docker\Docker\resources\bin;C:\ProgramData\DockerDesktop\version-bin;C:\Program Files\MySQL\MySQL Shell 8.0\bin\;C:\Users\ASUS\AppData\Local\Microsoft\WindowsApps;C:\Users\ASUS\AppData\Local\atom\bin;D:\Microsoft VS Code\bin;C:\Users\ASUS\AppData\Roaming\npm;C:\Users\ASUS\AppData\Roaming\nvm;C:\Program Files\nodejs;
USERNAME=ASUS
OS=Windows_NT
PROCESSOR_IDENTIFIER=AMD64 Family 23 Model 96 Stepping 1, AuthenticAMD



---------------  S Y S T E M  ---------------

OS:
 Windows 10 , 64 bit Build 19041 (10.0.19041.1682)
OS uptime: 0 days 8:23 hours
HyperV virtualization detected

CPU: total 16 (initial active 16) (16 cores per cpu, 2 threads per core) family 23 model 96 stepping 1 microcode 0x0, cmov, cx8, fxsr, mmx, sse, sse2, sse3, ssse3, sse4.1, sse4.2, popcnt, vzeroupper, avx, avx2, aes, clmul, 3dnowpref, lzcnt, sse4a, ht, tsc, tscinvbit, tscinv, bmi1, bmi2, adx, sha, fma, clflush, clflushopt

Memory: 4k page, system-wide physical 15789M (3047M free)
TotalPageFile size 16813M (AvailPageFile size 47M)
current process WorkingSet (physical memory assigned to process): 131M, peak: 184M
current process commit charge ("private bytes"): 187M, peak: 383M

vm_info: Java HotSpot(TM) 64-Bit Server VM (15.0.2+7-27) for windows-amd64 JRE (15.0.2+7-27), built on Dec  7 2020 20:07:01 by "mach5one" with unknown MS VC++:1925

END.
