#
# There is insufficient memory for the Java Runtime Environment to continue.
# Native memory allocation (mmap) failed to map 260046848 bytes for G1 virtual space
# Possible reasons:
#   The system is out of physical RAM or swap space
#   The process is running with CompressedOops enabled, and the Java Heap may be blocking the growth of the native heap
# Possible solutions:
#   Reduce memory load on the system
#   Increase physical memory or swap space
#   Check if swap backing store is full
#   Decrease Java heap size (-Xmx/-Xms)
#   Decrease number of Java threads
#   Decrease Java thread stack sizes (-Xss)
#   Set larger code cache with -XX:ReservedCodeCacheSize=
#   JVM is running with Zero Based Compressed Oops mode in which the Java heap is
#     placed in the first 32GB address space. The Java Heap base address is the
#     maximum limit for the native heap growth. Please use -XX:HeapBaseMinAddress
#     to set the Java Heap base and to place the Java Heap above 32GB virtual address.
# This output file may be truncated or incomplete.
#
#  Out of Memory Error (./open/src/hotspot/os/windows/os_windows.cpp:3321), pid=14644, tid=1732
#
# JRE version:  (15.0.2+7) (build )
# Java VM: Java HotSpot(TM) 64-Bit Server VM (15.0.2+7-27, mixed mode, sharing, tiered, compressed oops, g1 gc, windows-amd64)
# No core dump will be written. Minidumps are not enabled by default on client versions of Windows
#

---------------  S U M M A R Y ------------

Command Line: -XX:TieredStopAtLevel=1 -Xverify:none -Dspring.output.ansi.enabled=always -Dcom.sun.management.jmxremote -Dspring.jmx.enabled=true -Dspring.liveBeansView.mbeanDomain -Dspring.application.admin.enabled=true -javaagent:C:\Program Files\JetBrains\IntelliJ IDEA 2021.3.3\lib\idea_rt.jar=64468:C:\Program Files\JetBrains\IntelliJ IDEA 2021.3.3\bin -Dfile.encoding=UTF-8 com.example.userauth.UserAuthApplication

Host: AMD Ryzen 7 4800H with Radeon Graphics         , 16 cores, 15G,  Windows 10 , 64 bit Build 19041 (10.0.19041.1645)
Time: Fri Apr 22 11:07:58 2022 ora legale Europa occidentale elapsed time: 0.020660 seconds (0d 0h 0m 0s)

---------------  T H R E A D  ---------------

Current thread (0x0000023691fcd6a0):  JavaThread "Unknown thread" [_thread_in_vm, id=1732, stack(0x000000a117f00000,0x000000a118000000)]

Stack: [0x000000a117f00000,0x000000a118000000]
Native frames: (J=compiled Java code, j=interpreted, Vv=VM code, C=native code)
V  [jvm.dll+0x62ae9a]
V  [jvm.dll+0x7817a9]
V  [jvm.dll+0x782f03]
V  [jvm.dll+0x783563]
V  [jvm.dll+0x216325]
V  [jvm.dll+0x6281d9]
V  [jvm.dll+0x61cf55]
V  [jvm.dll+0x2cffdd]
V  [jvm.dll+0x2cfe42]
V  [jvm.dll+0x2d5e1c]
V  [jvm.dll+0x32590a]
V  [jvm.dll+0x324fd4]
V  [jvm.dll+0x2a6f5a]
V  [jvm.dll+0x2a80f8]
V  [jvm.dll+0x75e241]
V  [jvm.dll+0x3341c4]
V  [jvm.dll+0x73e926]
V  [jvm.dll+0x3b7557]
V  [jvm.dll+0x3b8fe1]
C  [jli.dll+0x52fb]
C  [ucrtbase.dll+0x21bb2]
C  [KERNEL32.DLL+0x17034]
C  [ntdll.dll+0x52651]


---------------  P R O C E S S  ---------------

Threads class SMR info:
_java_thread_list=0x00007ffb5c894ff0, length=0, elements={
}

Java Threads: ( => current thread )

Other Threads:
  0x000002369201e9c0 GCTaskThread "GC Thread#0" [stack: 0x000000a118000000,0x000000a118100000] [id=18280]
  0x00000236920301e0 ConcurrentGCThread "G1 Main Marker" [stack: 0x000000a118100000,0x000000a118200000] [id=18268]
  0x0000023692030dd0 ConcurrentGCThread "G1 Conc#0" [stack: 0x000000a118200000,0x000000a118300000] [id=11716]

[error occurred during error reporting (printing all threads), id 0xc0000005, EXCEPTION_ACCESS_VIOLATION (0xc0000005) at pc=0x00007ffb5c087e27]

VM state: not at safepoint (not fully initialized)

VM Mutex/Monitor currently owned by a thread:  ([mutex/lock_event])
[0x0000023691fc9290] Heap_lock - owner thread: 0x0000023691fcd6a0

Heap address: 0x0000000709400000, size: 3948 MB, Compressed Oops mode: Zero based, Oop shift amount: 3
CDS archive(s) mapped at: [0x0000000000000000-0x0000000000000000-0x0000000000000000), size 0, SharedBaseAddress: 0x0000000800000000, ArchiveRelocationMode: 0.
Narrow klass base: 0x0000000000000000, Narrow klass shift: 0, Narrow klass range: 0x0

Heap:
 garbage-first heap   total 253952K, used 0K [0x0000000709400000, 0x0000000800000000)
  region size 2048K, 0 young (0K), 0 survivors (0K)
 Metaspace       used 0K, capacity 0K, committed 0K, reserved 0K
  class space    used 0K, capacity 0K, committed 0K, reserved 0K

Heap Regions: E=young(eden), S=young(survivor), O=old, HS=humongous(starts), HC=humongous(continues), CS=collection set, F=free, OA=open archive, CA=closed archive, TAMS=top-at-mark-start (previous, next)

Card table byte_map: [0x00000236aa250000,0x00000236aaa10000] _byte_map_base: 0x00000236a6a06000

Marking Bits (Prev, Next): (CMBitMap*) 0x00000236920201c0, (CMBitMap*) 0x0000023692020200
 Prev Bits: [0x00000236ab1d0000, 0x00000236aef80000)
 Next Bits: [0x00000236aef80000, 0x00000236b2d30000)

GC Heap History (0 events):
No events

Deoptimization events (0 events):
No events

Classes unloaded (0 events):
No events

Classes redefined (0 events):
No events

Internal exceptions (0 events):
No events

Events (1 events):
Event: 0.016 Loaded shared library C:\Program Files\Java\jdk-15.0.2\bin\java.dll


Dynamic libraries:
0x00007ff7ad080000 - 0x00007ff7ad08f000 	C:\Program Files\Java\jdk-15.0.2\bin\java.exe
0x00007ffbb7dd0000 - 0x00007ffbb7fc5000 	C:\WINDOWS\SYSTEM32\ntdll.dll
0x00007ffbb5e00000 - 0x00007ffbb5ebe000 	C:\WINDOWS\System32\KERNEL32.DLL
0x00007ffbb5890000 - 0x00007ffbb5b58000 	C:\WINDOWS\System32\KERNELBASE.dll
0x00007ffbb55e0000 - 0x00007ffbb56e0000 	C:\WINDOWS\System32\ucrtbase.dll
0x00007ffb974f0000 - 0x00007ffb97508000 	C:\Program Files\Java\jdk-15.0.2\bin\jli.dll
0x00007ffb968a0000 - 0x00007ffb968b9000 	C:\Program Files\Java\jdk-15.0.2\bin\VCRUNTIME140.dll
0x00007ffbb7740000 - 0x00007ffbb77ee000 	C:\WINDOWS\System32\ADVAPI32.dll
0x00007ffbb7590000 - 0x00007ffbb762e000 	C:\WINDOWS\System32\msvcrt.dll
0x00007ffbb7630000 - 0x00007ffbb76cc000 	C:\WINDOWS\System32\sechost.dll
0x00007ffbb5ec0000 - 0x00007ffbb5fe5000 	C:\WINDOWS\System32\RPCRT4.dll
0x00007ffbb6080000 - 0x00007ffbb6220000 	C:\WINDOWS\System32\USER32.dll
0x00007ffbb54c0000 - 0x00007ffbb54e2000 	C:\WINDOWS\System32\win32u.dll
0x00007ffba5570000 - 0x00007ffba580a000 	C:\WINDOWS\WinSxS\amd64_microsoft.windows.common-controls_6595b64144ccf1df_6.0.19041.1110_none_60b5254171f9507e\COMCTL32.dll
0x00007ffbb7420000 - 0x00007ffbb744a000 	C:\WINDOWS\System32\GDI32.dll
0x00007ffbb56e0000 - 0x00007ffbb57eb000 	C:\WINDOWS\System32\gdi32full.dll
0x00007ffbb57f0000 - 0x00007ffbb588d000 	C:\WINDOWS\System32\msvcp_win.dll
0x00007ffbadee0000 - 0x00007ffbadeea000 	C:\WINDOWS\SYSTEM32\VERSION.dll
0x00007ffbb6050000 - 0x00007ffbb6080000 	C:\WINDOWS\System32\IMM32.DLL
0x00007ffb9fea0000 - 0x00007ffb9feac000 	C:\Program Files\Java\jdk-15.0.2\bin\vcruntime140_1.dll
0x00007ffb8aa70000 - 0x00007ffb8ab01000 	C:\Program Files\Java\jdk-15.0.2\bin\msvcp140.dll
0x00007ffb5bdd0000 - 0x00007ffb5c92e000 	C:\Program Files\Java\jdk-15.0.2\bin\server\jvm.dll
0x00007ffbb6ed0000 - 0x00007ffbb6ed8000 	C:\WINDOWS\System32\PSAPI.DLL
0x00007ffbac2d0000 - 0x00007ffbac2f7000 	C:\WINDOWS\SYSTEM32\WINMM.dll
0x00007ffba35a0000 - 0x00007ffba35a9000 	C:\WINDOWS\SYSTEM32\WSOCK32.dll
0x00007ffbb76d0000 - 0x00007ffbb773b000 	C:\WINDOWS\System32\WS2_32.dll
0x00007ffbb33a0000 - 0x00007ffbb33b2000 	C:\WINDOWS\SYSTEM32\kernel.appcore.dll
0x00007ffb97900000 - 0x00007ffb9790a000 	C:\Program Files\Java\jdk-15.0.2\bin\jimage.dll
0x00007ffba5c80000 - 0x00007ffba5e64000 	C:\WINDOWS\SYSTEM32\DBGHELP.DLL
0x00007ffb91cb0000 - 0x00007ffb91cdc000 	C:\WINDOWS\SYSTEM32\dbgcore.DLL
0x00007ffbb5d70000 - 0x00007ffbb5df2000 	C:\WINDOWS\System32\bcryptPrimitives.dll
0x00007ffbb2c30000 - 0x00007ffbb2c3e000 	C:\Program Files\Java\jdk-15.0.2\bin\instrument.dll
0x00007ffb934a0000 - 0x00007ffb934c5000 	C:\Program Files\Java\jdk-15.0.2\bin\java.dll

dbghelp: loaded successfully - version: 4.0.5 - missing functions: none
symbol engine: initialized successfully - sym options: 0x614 - pdb path: .;C:\Program Files\Java\jdk-15.0.2\bin;C:\WINDOWS\SYSTEM32;C:\WINDOWS\WinSxS\amd64_microsoft.windows.common-controls_6595b64144ccf1df_6.0.19041.1110_none_60b5254171f9507e;C:\Program Files\Java\jdk-15.0.2\bin\server

VM Arguments:
jvm_args: -XX:TieredStopAtLevel=1 -Xverify:none -Dspring.output.ansi.enabled=always -Dcom.sun.management.jmxremote -Dspring.jmx.enabled=true -Dspring.liveBeansView.mbeanDomain -Dspring.application.admin.enabled=true -javaagent:C:\Program Files\JetBrains\IntelliJ IDEA 2021.3.3\lib\idea_rt.jar=64468:C:\Program Files\JetBrains\IntelliJ IDEA 2021.3.3\bin -Dfile.encoding=UTF-8 
java_command: com.example.userauth.UserAuthApplication
java_class_path (initial): C:\Users\ASUS\Desktop\prova microservizi\userAuth\target\classes;C:\Users\ASUS\.m2\repository\org\springframework\boot\spring-boot-starter-data-jpa\2.6.6\spring-boot-starter-data-jpa-2.6.6.jar;C:\Users\ASUS\.m2\repository\org\springframework\boot\spring-boot-starter-aop\2.6.6\spring-boot-starter-aop-2.6.6.jar;C:\Users\ASUS\.m2\repository\org\aspectj\aspectjweaver\1.9.7\aspectjweaver-1.9.7.jar;C:\Users\ASUS\.m2\repository\org\springframework\boot\spring-boot-starter-jdbc\2.6.6\spring-boot-starter-jdbc-2.6.6.jar;C:\Users\ASUS\.m2\repository\com\zaxxer\HikariCP\4.0.3\HikariCP-4.0.3.jar;C:\Users\ASUS\.m2\repository\org\springframework\spring-jdbc\5.3.18\spring-jdbc-5.3.18.jar;C:\Users\ASUS\.m2\repository\jakarta\transaction\jakarta.transaction-api\1.3.3\jakarta.transaction-api-1.3.3.jar;C:\Users\ASUS\.m2\repository\jakarta\persistence\jakarta.persistence-api\2.2.3\jakarta.persistence-api-2.2.3.jar;C:\Users\ASUS\.m2\repository\org\hibernate\hibernate-core\5.6.7.Final\hibernate-core-5.6.7.Final.jar;C:\Users\ASUS\.m2\repository\org\jboss\logging\jboss-logging\3.4.3.Final\jboss-logging-3.4.3.Final.jar;C:\Users\ASUS\.m2\repository\net\bytebuddy\byte-buddy\1.11.22\byte-buddy-1.11.22.jar;C:\Users\ASUS\.m2\repository\antlr\antlr\2.7.7\antlr-2.7.7.jar;C:\Users\ASUS\.m2\repository\org\jboss\jandex\2.4.2.Final\jandex-2.4.2.Final.jar;C:\Users\ASUS\.m2\repository\com\fasterxml\classmate\1.5.1\classmate-1.5.1.jar;C:\Users\ASUS\.m2\repository\org\hibernate\common\hibernate-commons-annotations\5.1.2.Final\hibernate-commons-annotations-5.1.2.Final.jar;C:\Users\ASUS\.m2\repository\org\glassfish\jaxb\jaxb-runtime\2.3.6\jaxb-runtime-2.3.6.jar;C:\Users\ASUS\.m2\repository\org\glassfish\jaxb\txw2\2.3.6\txw2-2.3.6.jar;C:\Users\ASUS\.m2\repository\com\sun\istack\istack-commons-runtime\3.0.12\istack-commons-runtime-3.0.12.jar;C:\Users\ASUS\.m2\repository\com\sun\activation\jakarta.activation\1.2.2\jakarta.activation-1.2.2.jar;C:\Users\ASUS\.m2\repository\org\springf
Launcher Type: SUN_STANDARD

[Global flags]
     intx CICompilerCount                          = 12                                        {product} {ergonomic}
     uint ConcGCThreads                            = 3                                         {product} {ergonomic}
     uint G1ConcRefinementThreads                  = 13                                        {product} {ergonomic}
   size_t G1HeapRegionSize                         = 2097152                                   {product} {ergonomic}
    uintx GCDrainStackTargetSize                   = 64                                        {product} {ergonomic}
   size_t InitialHeapSize                          = 260046848                                 {product} {ergonomic}
     bool ManagementServer                         = true                                      {product} {command line}
   size_t MarkStackSize                            = 4194304                                   {product} {ergonomic}
   size_t MaxHeapSize                              = 4139778048                                {product} {ergonomic}
   size_t MinHeapDeltaBytes                        = 2097152                                   {product} {ergonomic}
   size_t MinHeapSize                              = 8388608                                   {product} {ergonomic}
    uintx NonNMethodCodeHeapSize                   = 12163472                               {pd product} {ergonomic}
    uintx NonProfiledCodeHeapSize                  = 239494768                              {pd product} {ergonomic}
    uintx ProfiledCodeHeapSize                     = 0                                      {pd product} {ergonomic}
    uintx ReservedCodeCacheSize                    = 251658240                              {pd product} {ergonomic}
     bool SegmentedCodeCache                       = true                                      {product} {ergonomic}
   size_t SoftMaxHeapSize                          = 4139778048                             {manageable} {ergonomic}
     intx TieredStopAtLevel                        = 1                                         {product} {command line}
     bool UseCompressedClassPointers               = true                                 {lp64_product} {ergonomic}
     bool UseCompressedOops                        = true                                 {lp64_product} {ergonomic}
     bool UseG1GC                                  = true                                      {product} {ergonomic}
     bool UseLargePagesIndividualAllocation        = false                                  {pd product} {ergonomic}

Logging:
Log output configuration:
 #0: stdout all=warning uptime,level,tags
 #1: stderr all=off uptime,level,tags

Environment Variables:
PATH=C:\Program Files\Common Files\Oracle\Java\javapath;C:\Program Files (x86)\Common Files\Oracle\Java\javapath;C:\Windows\system32;C:\Windows;C:\Windows\System32\Wbem;C:\Windows\System32\WindowsPowerShell\v1.0\;C:\Windows\System32\OpenSSH\;C:\Program Files (x86)\NVIDIA Corporation\PhysX\Common;C:\Program Files\NVIDIA Corporation\NVIDIA NvDLISR;C:\WINDOWS\system32;C:\WINDOWS;C:\WINDOWS\System32\Wbem;C:\WINDOWS\System32\WindowsPowerShell\v1.0\;C:\WINDOWS\System32\OpenSSH\;C:\Users\ASUS\AppData\Roaming\nvm;C:\Program Files\nodejs;C:\Program Files\Docker\Docker\resources\bin;C:\ProgramData\DockerDesktop\version-bin;C:\Maven\apache-maven-3.8.5\bin;C:\Program Files\Git\cmd;C:\Program Files\MySQL\MySQL Shell 8.0\bin\;C:\Users\ASUS\AppData\Local\Microsoft\WindowsApps;C:\Users\ASUS\AppData\Local\atom\bin;D:\Microsoft VS Code\bin;C:\Users\ASUS\AppData\Roaming\npm;C:\Users\ASUS\AppData\Roaming\nvm;C:\Program Files\nodejs;
USERNAME=ASUS
OS=Windows_NT
PROCESSOR_IDENTIFIER=AMD64 Family 23 Model 96 Stepping 1, AuthenticAMD



---------------  S Y S T E M  ---------------

OS:
 Windows 10 , 64 bit Build 19041 (10.0.19041.1645)
OS uptime: 0 days 2:31 hours
HyperV virtualization detected

CPU: total 16 (initial active 16) (16 cores per cpu, 2 threads per core) family 23 model 96 stepping 1 microcode 0x0, cmov, cx8, fxsr, mmx, sse, sse2, sse3, ssse3, sse4.1, sse4.2, popcnt, vzeroupper, avx, avx2, aes, clmul, 3dnowpref, lzcnt, sse4a, ht, tsc, tscinvbit, tscinv, bmi1, bmi2, adx, sha, fma, clflush, clflushopt

Memory: 4k page, system-wide physical 15789M (4024M free)
TotalPageFile size 16813M (AvailPageFile size 227M)
current process WorkingSet (physical memory assigned to process): 10M, peak: 10M
current process commit charge ("private bytes"): 68M, peak: 316M

vm_info: Java HotSpot(TM) 64-Bit Server VM (15.0.2+7-27) for windows-amd64 JRE (15.0.2+7-27), built on Dec  7 2020 20:07:01 by "mach5one" with unknown MS VC++:1925

END.
